{"/Users/anindyapramudita/Personal/Projects/motion-ui/lib/main.ts": {"path":"/Users/anindyapramudita/Personal/Projects/motion-ui/lib/main.ts","statementMap":{"0":{"start":{"line":1,"column":0},"end":{"line":1,"column":9}},"1":{"start":{"line":1,"column":9},"end":{"line":1,"column":45}}},"fnMap":{"0":{"name":"(anonymous_0)","decl":{"start":{"line":1,"column":9},"end":{"line":1,"column":15}},"loc":{"start":{"line":1,"column":9},"end":{"line":1,"column":45}}}},"branchMap":{},"s":{"0":1,"1":2},"f":{"0":1},"b":{}}
,"/Users/anindyapramudita/Personal/Projects/motion-ui/lib/components/Button/button.tsx": {"path":"/Users/anindyapramudita/Personal/Projects/motion-ui/lib/components/Button/button.tsx","statementMap":{"0":{"start":{"line":2,"column":0},"end":{"line":2,"column":41}},"1":{"start":{"line":4,"column":22},"end":{"line":11,"column":1}},"2":{"start":{"line":5,"column":48},"end":{"line":5,"column":53}},"3":{"start":{"line":6,"column":2},"end":{"line":10,"column":4}},"4":{"start":{"line":4,"column":13},"end":{"line":4,"column":22}}},"fnMap":{"0":{"name":"(anonymous_0)","decl":{"start":{"line":4,"column":22},"end":{"line":4,"column":23}},"loc":{"start":{"line":4,"column":73},"end":{"line":11,"column":1}}}},"branchMap":{},"s":{"0":1,"1":1,"2":1,"3":1,"4":1},"f":{"0":1},"b":{}}
,"/Users/anindyapramudita/Personal/Projects/motion-ui/lib/components/Button/index.ts": {"path":"/Users/anindyapramudita/Personal/Projects/motion-ui/lib/components/Button/index.ts","statementMap":{"0":{"start":{"line":1,"column":0},"end":{"line":1,"column":9}},"1":{"start":{"line":1,"column":9},"end":{"line":1,"column":34}}},"fnMap":{"0":{"name":"(anonymous_0)","decl":{"start":{"line":1,"column":9},"end":{"line":1,"column":15}},"loc":{"start":{"line":1,"column":9},"end":{"line":1,"column":34}}}},"branchMap":{},"s":{"0":1,"1":2},"f":{"0":1},"b":{}}
}
